2017-11-13 11:34:35.856  INFO 9188 --- [main] c.EurekaRibbonConsumerHystrixApplication : No active profile set, falling back to default profiles: default
2017-11-13 11:34:35.872  INFO 9188 --- [main] ationConfigEmbeddedWebApplicationContext : Refreshing org.springframework.boot.context.embedded.AnnotationConfigEmbeddedWebApplicationContext@214894fc: startup date [Mon Nov 13 11:34:35 CST 2017]; parent: org.springframework.context.annotation.AnnotationConfigApplicationContext@3e0e1046
2017-11-13 11:34:36.761  INFO 9188 --- [main] o.s.cloud.context.scope.GenericScope     : BeanFactory id=7cdb2230-4313-33fb-a8ea-320b6c5a145d
2017-11-13 11:34:36.792  INFO 9188 --- [main] f.a.AutowiredAnnotationBeanPostProcessor : JSR-330 'javax.inject.Inject' annotation found and supported for autowiring
2017-11-13 11:34:36.979  INFO 9188 --- [main] trationDelegate$BeanPostProcessorChecker : Bean 'org.springframework.cloud.autoconfigure.ConfigurationPropertiesRebinderAutoConfiguration' of type [org.springframework.cloud.autoconfigure.ConfigurationPropertiesRebinderAutoConfiguration$$EnhancerBySpringCGLIB$$78a3b5d] is not eligible for getting processed by all BeanPostProcessors (for example: not eligible for auto-proxying)
2017-11-13 11:34:50.049  INFO 6172 --- [main] c.EurekaRibbonConsumerHystrixApplication : No active profile set, falling back to default profiles: default
2017-11-13 11:34:50.080  INFO 6172 --- [main] ationConfigEmbeddedWebApplicationContext : Refreshing org.springframework.boot.context.embedded.AnnotationConfigEmbeddedWebApplicationContext@7adbd080: startup date [Mon Nov 13 11:34:50 CST 2017]; parent: org.springframework.context.annotation.AnnotationConfigApplicationContext@3e0e1046
2017-11-13 11:34:51.281  INFO 6172 --- [main] o.s.cloud.context.scope.GenericScope     : BeanFactory id=7cdb2230-4313-33fb-a8ea-320b6c5a145d
2017-11-13 11:34:51.297  INFO 6172 --- [main] f.a.AutowiredAnnotationBeanPostProcessor : JSR-330 'javax.inject.Inject' annotation found and supported for autowiring
2017-11-13 11:34:51.499  INFO 6172 --- [main] trationDelegate$BeanPostProcessorChecker : Bean 'org.springframework.cloud.autoconfigure.ConfigurationPropertiesRebinderAutoConfiguration' of type [org.springframework.cloud.autoconfigure.ConfigurationPropertiesRebinderAutoConfiguration$$EnhancerBySpringCGLIB$$4b2b1239] is not eligible for getting processed by all BeanPostProcessors (for example: not eligible for auto-proxying)
2017-11-13 11:34:52.357  INFO 6172 --- [main] s.b.c.e.t.TomcatEmbeddedServletContainer : Tomcat initialized with port(s): 2103 (http)
2017-11-13 11:34:52.373  INFO 6172 --- [main] o.apache.catalina.core.StandardService   : Starting service [Tomcat]
2017-11-13 11:34:52.373  INFO 6172 --- [main] org.apache.catalina.core.StandardEngine  : Starting Servlet Engine: Apache Tomcat/8.5.23
2017-11-13 11:34:52.576  INFO 6172 --- [localhost-startStop-1] o.a.c.c.C.[Tomcat].[localhost].[/]       : Initializing Spring embedded WebApplicationContext
2017-11-13 11:34:52.576  INFO 6172 --- [localhost-startStop-1] o.s.web.context.ContextLoader            : Root WebApplicationContext: initialization completed in 2496 ms
2017-11-13 11:34:52.888  INFO 6172 --- [localhost-startStop-1] o.s.b.w.servlet.ServletRegistrationBean  : Mapping servlet: 'dispatcherServlet' to [/]
2017-11-13 11:34:52.888  INFO 6172 --- [localhost-startStop-1] o.s.b.w.servlet.FilterRegistrationBean   : Mapping filter: 'characterEncodingFilter' to: [/*]
2017-11-13 11:34:52.888  INFO 6172 --- [localhost-startStop-1] o.s.b.w.servlet.FilterRegistrationBean   : Mapping filter: 'hiddenHttpMethodFilter' to: [/*]
2017-11-13 11:34:52.888  INFO 6172 --- [localhost-startStop-1] o.s.b.w.servlet.FilterRegistrationBean   : Mapping filter: 'httpPutFormContentFilter' to: [/*]
2017-11-13 11:34:52.888  INFO 6172 --- [localhost-startStop-1] o.s.b.w.servlet.FilterRegistrationBean   : Mapping filter: 'requestContextFilter' to: [/*]
2017-11-13 11:34:54.729  INFO 6172 --- [main] s.w.s.m.m.a.RequestMappingHandlerAdapter : Looking for @ControllerAdvice: org.springframework.boot.context.embedded.AnnotationConfigEmbeddedWebApplicationContext@7adbd080: startup date [Mon Nov 13 11:34:50 CST 2017]; parent: org.springframework.context.annotation.AnnotationConfigApplicationContext@3e0e1046
2017-11-13 11:34:54.853  INFO 6172 --- [main] s.w.s.m.m.a.RequestMappingHandlerMapping : Mapped "{[/consumer],methods=[GET]}" onto public java.lang.String com.wade.cloud.controller.DcController.dc()
2017-11-13 11:34:54.869  INFO 6172 --- [main] s.w.s.m.m.a.RequestMappingHandlerMapping : Mapped "{[/error]}" onto public org.springframework.http.ResponseEntity<java.util.Map<java.lang.String, java.lang.Object>> org.springframework.boot.autoconfigure.web.BasicErrorController.error(javax.servlet.http.HttpServletRequest)
2017-11-13 11:34:54.869  INFO 6172 --- [main] s.w.s.m.m.a.RequestMappingHandlerMapping : Mapped "{[/error],produces=[text/html]}" onto public org.springframework.web.servlet.ModelAndView org.springframework.boot.autoconfigure.web.BasicErrorController.errorHtml(javax.servlet.http.HttpServletRequest,javax.servlet.http.HttpServletResponse)
2017-11-13 11:34:54.978  INFO 6172 --- [main] o.s.w.s.handler.SimpleUrlHandlerMapping  : Mapped URL path [/webjars/**] onto handler of type [class org.springframework.web.servlet.resource.ResourceHttpRequestHandler]
2017-11-13 11:34:54.978  INFO 6172 --- [main] o.s.w.s.handler.SimpleUrlHandlerMapping  : Mapped URL path [/**] onto handler of type [class org.springframework.web.servlet.resource.ResourceHttpRequestHandler]
2017-11-13 11:34:55.056  INFO 6172 --- [main] o.s.w.s.handler.SimpleUrlHandlerMapping  : Mapped URL path [/**/favicon.ico] onto handler of type [class org.springframework.web.servlet.resource.ResourceHttpRequestHandler]
2017-11-13 11:34:55.961  WARN 6172 --- [main] c.n.c.sources.URLConfigurationSource     : No URLs will be polled as dynamic configuration sources.
2017-11-13 11:34:55.961  INFO 6172 --- [main] c.n.c.sources.URLConfigurationSource     : To enable URLs as dynamic configuration sources, define System property archaius.configurationSource.additionalUrls or make config.properties available on classpath.
2017-11-13 11:34:55.961  WARN 6172 --- [main] c.n.c.sources.URLConfigurationSource     : No URLs will be polled as dynamic configuration sources.
2017-11-13 11:34:55.961  INFO 6172 --- [main] c.n.c.sources.URLConfigurationSource     : To enable URLs as dynamic configuration sources, define System property archaius.configurationSource.additionalUrls or make config.properties available on classpath.
2017-11-13 11:34:56.179  INFO 6172 --- [main] o.s.j.e.a.AnnotationMBeanExporter        : Registering beans for JMX exposure on startup
2017-11-13 11:34:56.195  INFO 6172 --- [main] o.s.j.e.a.AnnotationMBeanExporter        : Bean with name 'environmentManager' has been autodetected for JMX exposure
2017-11-13 11:34:56.195  INFO 6172 --- [main] o.s.j.e.a.AnnotationMBeanExporter        : Bean with name 'configurationPropertiesRebinder' has been autodetected for JMX exposure
2017-11-13 11:34:56.195  INFO 6172 --- [main] o.s.j.e.a.AnnotationMBeanExporter        : Bean with name 'refreshScope' has been autodetected for JMX exposure
2017-11-13 11:34:56.195  INFO 6172 --- [main] o.s.j.e.a.AnnotationMBeanExporter        : Located managed bean 'environmentManager': registering with JMX server as MBean [org.springframework.cloud.context.environment:name=environmentManager,type=EnvironmentManager]
2017-11-13 11:34:56.226  INFO 6172 --- [main] o.s.j.e.a.AnnotationMBeanExporter        : Located managed bean 'refreshScope': registering with JMX server as MBean [org.springframework.cloud.context.scope.refresh:name=refreshScope,type=RefreshScope]
2017-11-13 11:34:56.242  INFO 6172 --- [main] o.s.j.e.a.AnnotationMBeanExporter        : Located managed bean 'configurationPropertiesRebinder': registering with JMX server as MBean [org.springframework.cloud.context.properties:name=configurationPropertiesRebinder,context=7adbd080,type=ConfigurationPropertiesRebinder]
2017-11-13 11:34:56.382  INFO 6172 --- [main] o.s.c.support.DefaultLifecycleProcessor  : Starting beans in phase 0
2017-11-13 11:34:56.398  INFO 6172 --- [main] o.s.c.n.eureka.InstanceInfoFactory       : Setting initial instance status as: STARTING
2017-11-13 11:34:56.507  INFO 6172 --- [main] com.netflix.discovery.DiscoveryClient    : Initializing Eureka in region us-east-1
2017-11-13 11:34:56.897  INFO 6172 --- [main] c.n.d.provider.DiscoveryJerseyProvider   : Using JSON encoding codec LegacyJacksonJson
2017-11-13 11:34:56.897  INFO 6172 --- [main] c.n.d.provider.DiscoveryJerseyProvider   : Using JSON decoding codec LegacyJacksonJson
2017-11-13 11:34:57.037  INFO 6172 --- [main] c.n.d.provider.DiscoveryJerseyProvider   : Using XML encoding codec XStreamXml
2017-11-13 11:34:57.037  INFO 6172 --- [main] c.n.d.provider.DiscoveryJerseyProvider   : Using XML decoding codec XStreamXml
2017-11-13 11:34:57.318  INFO 6172 --- [main] c.n.d.s.r.aws.ConfigClusterResolver      : Resolving eureka endpoints via configuration
2017-11-13 11:34:57.396  INFO 6172 --- [main] com.netflix.discovery.DiscoveryClient    : Disable delta property : false
2017-11-13 11:34:57.396  INFO 6172 --- [main] com.netflix.discovery.DiscoveryClient    : Single vip registry refresh property : null
2017-11-13 11:34:57.396  INFO 6172 --- [main] com.netflix.discovery.DiscoveryClient    : Force full registry fetch : false
2017-11-13 11:34:57.396  INFO 6172 --- [main] com.netflix.discovery.DiscoveryClient    : Application is null : false
2017-11-13 11:34:57.396  INFO 6172 --- [main] com.netflix.discovery.DiscoveryClient    : Registered Applications size is zero : true
2017-11-13 11:34:57.396  INFO 6172 --- [main] com.netflix.discovery.DiscoveryClient    : Application version is -1: true
2017-11-13 11:34:57.396  INFO 6172 --- [main] com.netflix.discovery.DiscoveryClient    : Getting all instance registry info from the eureka server
2017-11-13 11:34:57.786  INFO 6172 --- [main] com.netflix.discovery.DiscoveryClient    : The response status is 200
2017-11-13 11:34:57.786  INFO 6172 --- [main] com.netflix.discovery.DiscoveryClient    : Starting heartbeat executor: renew interval is: 30
2017-11-13 11:34:57.786  INFO 6172 --- [main] c.n.discovery.InstanceInfoReplicator     : InstanceInfoReplicator onDemand update allowed rate per min is 4
2017-11-13 11:34:57.786  INFO 6172 --- [main] com.netflix.discovery.DiscoveryClient    : Discovery Client initialized at timestamp 1510544097786 with initial instances count: 0
2017-11-13 11:34:57.880  INFO 6172 --- [main] o.s.c.n.e.s.EurekaServiceRegistry        : Registering application eureka-consumer-ribbon-hystrix with eureka with status UP
2017-11-13 11:34:57.895  INFO 6172 --- [main] com.netflix.discovery.DiscoveryClient    : Saw local status change event StatusChangeEvent [timestamp=1510544097895, current=UP, previous=STARTING]
2017-11-13 11:34:57.895  INFO 6172 --- [DiscoveryClient-InstanceInfoReplicator-0] com.netflix.discovery.DiscoveryClient    : DiscoveryClient_EUREKA-CONSUMER-RIBBON-HYSTRIX/tingyun.com.abc:eureka-consumer-ribbon-hystrix:2103: registering service...
2017-11-13 11:34:57.989  INFO 6172 --- [main] s.b.c.e.t.TomcatEmbeddedServletContainer : Tomcat started on port(s): 2103 (http)
2017-11-13 11:34:58.005  INFO 6172 --- [main] .s.c.n.e.s.EurekaAutoServiceRegistration : Updating port to 2103
2017-11-13 11:34:58.005  INFO 6172 --- [main] c.EurekaRibbonConsumerHystrixApplication : Started EurekaRibbonConsumerHystrixApplication in 10.78 seconds (JVM running for 11.438)
2017-11-13 11:34:58.176  INFO 6172 --- [DiscoveryClient-InstanceInfoReplicator-0] com.netflix.discovery.DiscoveryClient    : DiscoveryClient_EUREKA-CONSUMER-RIBBON-HYSTRIX/tingyun.com.abc:eureka-consumer-ribbon-hystrix:2103 - registration status: 204
2017-11-13 11:35:27.804  INFO 6172 --- [DiscoveryClient-CacheRefreshExecutor-0] com.netflix.discovery.DiscoveryClient    : Disable delta property : false
2017-11-13 11:35:27.804  INFO 6172 --- [DiscoveryClient-CacheRefreshExecutor-0] com.netflix.discovery.DiscoveryClient    : Single vip registry refresh property : null
2017-11-13 11:35:27.804  INFO 6172 --- [DiscoveryClient-CacheRefreshExecutor-0] com.netflix.discovery.DiscoveryClient    : Force full registry fetch : false
2017-11-13 11:35:27.804  INFO 6172 --- [DiscoveryClient-CacheRefreshExecutor-0] com.netflix.discovery.DiscoveryClient    : Application is null : false
2017-11-13 11:35:27.804  INFO 6172 --- [DiscoveryClient-CacheRefreshExecutor-0] com.netflix.discovery.DiscoveryClient    : Registered Applications size is zero : true
2017-11-13 11:35:27.804  INFO 6172 --- [DiscoveryClient-CacheRefreshExecutor-0] com.netflix.discovery.DiscoveryClient    : Application version is -1: false
2017-11-13 11:35:27.804  INFO 6172 --- [DiscoveryClient-CacheRefreshExecutor-0] com.netflix.discovery.DiscoveryClient    : Getting all instance registry info from the eureka server
2017-11-13 11:35:27.866  INFO 6172 --- [DiscoveryClient-CacheRefreshExecutor-0] com.netflix.discovery.DiscoveryClient    : The response status is 200
2017-11-13 11:35:51.577  INFO 6172 --- [http-nio-2103-exec-2] o.a.c.c.C.[Tomcat].[localhost].[/]       : Initializing Spring FrameworkServlet 'dispatcherServlet'
2017-11-13 11:35:51.577  INFO 6172 --- [http-nio-2103-exec-2] o.s.web.servlet.DispatcherServlet        : FrameworkServlet 'dispatcherServlet': initialization started
2017-11-13 11:35:51.609  INFO 6172 --- [http-nio-2103-exec-2] o.s.web.servlet.DispatcherServlet        : FrameworkServlet 'dispatcherServlet': initialization completed in 32 ms
2017-11-13 11:35:52.043  INFO 6172 --- [hystrix-ConsumerService-1] s.c.a.AnnotationConfigApplicationContext : Refreshing org.springframework.context.annotation.AnnotationConfigApplicationContext@412d2c92: startup date [Mon Nov 13 11:35:52 CST 2017]; parent: org.springframework.boot.context.embedded.AnnotationConfigEmbeddedWebApplicationContext@7adbd080
2017-11-13 11:35:52.121  INFO 6172 --- [hystrix-ConsumerService-1] f.a.AutowiredAnnotationBeanPostProcessor : JSR-330 'javax.inject.Inject' annotation found and supported for autowiring
2017-11-13 11:35:52.369  INFO 6172 --- [hystrix-ConsumerService-1] c.netflix.config.ChainedDynamicProperty  : Flipping property: eureka-client.ribbon.ActiveConnectionsLimit to use NEXT property: niws.loadbalancer.availabilityFilteringRule.activeConnectionsLimit = 2147483647
2017-11-13 11:35:52.385  INFO 6172 --- [hystrix-ConsumerService-1] c.n.u.concurrent.ShutdownEnabledTimer    : Shutdown hook installed for: NFLoadBalancer-PingTimer-eureka-client
2017-11-13 11:35:52.431  INFO 6172 --- [hystrix-ConsumerService-1] c.netflix.loadbalancer.BaseLoadBalancer  : Client: eureka-client instantiated a LoadBalancer: DynamicServerListLoadBalancer:{NFLoadBalancer:name=eureka-client,current list of Servers=[],Load balancer stats=Zone stats: {},Server stats: []}ServerList:null
2017-11-13 11:35:52.431  INFO 6172 --- [hystrix-ConsumerService-1] c.n.l.DynamicServerListLoadBalancer      : Using serverListUpdater PollingServerListUpdater
2017-11-13 11:35:52.447  INFO 6172 --- [hystrix-ConsumerService-1] c.n.l.DynamicServerListLoadBalancer      : DynamicServerListLoadBalancer for client eureka-client initialized: DynamicServerListLoadBalancer:{NFLoadBalancer:name=eureka-client,current list of Servers=[],Load balancer stats=Zone stats: {},Server stats: []}ServerList:org.springframework.cloud.netflix.ribbon.eureka.DomainExtractingServerList@7c42e07f
2017-11-13 11:39:23.589  INFO 6172 --- [PollingServerListUpdater-0] c.netflix.config.ChainedDynamicProperty  : Flipping property: eureka-client.ribbon.ActiveConnectionsLimit to use NEXT property: niws.loadbalancer.availabilityFilteringRule.activeConnectionsLimit = 2147483647
2017-11-13 11:39:57.422  INFO 6172 --- [AsyncResolver-bootstrap-executor-0] c.n.d.s.r.aws.ConfigClusterResolver      : Resolving eureka endpoints via configuration
2017-11-13 11:47:22.424  INFO 9800 --- [main] c.EurekaRibbonConsumerHystrixApplication : No active profile set, falling back to default profiles: default
2017-11-13 11:47:22.439  INFO 9800 --- [main] ationConfigEmbeddedWebApplicationContext : Refreshing org.springframework.boot.context.embedded.AnnotationConfigEmbeddedWebApplicationContext@4e9658b5: startup date [Mon Nov 13 11:47:22 CST 2017]; parent: org.springframework.context.annotation.AnnotationConfigApplicationContext@3e0e1046
2017-11-13 11:47:23.516  INFO 9800 --- [main] o.s.cloud.context.scope.GenericScope     : BeanFactory id=7cdb2230-4313-33fb-a8ea-320b6c5a145d
2017-11-13 11:47:23.547  INFO 9800 --- [main] f.a.AutowiredAnnotationBeanPostProcessor : JSR-330 'javax.inject.Inject' annotation found and supported for autowiring
2017-11-13 11:47:23.765  INFO 9800 --- [main] trationDelegate$BeanPostProcessorChecker : Bean 'org.springframework.cloud.autoconfigure.ConfigurationPropertiesRebinderAutoConfiguration' of type [org.springframework.cloud.autoconfigure.ConfigurationPropertiesRebinderAutoConfiguration$$EnhancerBySpringCGLIB$$6bd0c357] is not eligible for getting processed by all BeanPostProcessors (for example: not eligible for auto-proxying)
2017-11-13 11:47:24.639  INFO 9800 --- [main] s.b.c.e.t.TomcatEmbeddedServletContainer : Tomcat initialized with port(s): 2103 (http)
2017-11-13 11:47:24.655  INFO 9800 --- [main] o.apache.catalina.core.StandardService   : Starting service [Tomcat]
2017-11-13 11:47:24.655  INFO 9800 --- [main] org.apache.catalina.core.StandardEngine  : Starting Servlet Engine: Apache Tomcat/8.5.23
2017-11-13 11:47:24.826  INFO 9800 --- [localhost-startStop-1] o.a.c.c.C.[Tomcat].[localhost].[/]       : Initializing Spring embedded WebApplicationContext
2017-11-13 11:47:24.826  INFO 9800 --- [localhost-startStop-1] o.s.web.context.ContextLoader            : Root WebApplicationContext: initialization completed in 2387 ms
2017-11-13 11:47:25.181  INFO 9800 --- [localhost-startStop-1] o.s.b.w.servlet.ServletRegistrationBean  : Mapping servlet: 'dispatcherServlet' to [/]
2017-11-13 11:47:25.197  INFO 9800 --- [localhost-startStop-1] o.s.b.w.servlet.FilterRegistrationBean   : Mapping filter: 'characterEncodingFilter' to: [/*]
2017-11-13 11:47:25.197  INFO 9800 --- [localhost-startStop-1] o.s.b.w.servlet.FilterRegistrationBean   : Mapping filter: 'hiddenHttpMethodFilter' to: [/*]
2017-11-13 11:47:25.197  INFO 9800 --- [localhost-startStop-1] o.s.b.w.servlet.FilterRegistrationBean   : Mapping filter: 'httpPutFormContentFilter' to: [/*]
2017-11-13 11:47:25.197  INFO 9800 --- [localhost-startStop-1] o.s.b.w.servlet.FilterRegistrationBean   : Mapping filter: 'requestContextFilter' to: [/*]
2017-11-13 11:47:26.648  INFO 9800 --- [main] s.w.s.m.m.a.RequestMappingHandlerAdapter : Looking for @ControllerAdvice: org.springframework.boot.context.embedded.AnnotationConfigEmbeddedWebApplicationContext@4e9658b5: startup date [Mon Nov 13 11:47:22 CST 2017]; parent: org.springframework.context.annotation.AnnotationConfigApplicationContext@3e0e1046
2017-11-13 11:47:26.788  INFO 9800 --- [main] s.w.s.m.m.a.RequestMappingHandlerMapping : Mapped "{[/consumer],methods=[GET]}" onto public java.lang.String com.wade.cloud.controller.DcController.dc()
2017-11-13 11:47:26.804  INFO 9800 --- [main] s.w.s.m.m.a.RequestMappingHandlerMapping : Mapped "{[/error]}" onto public org.springframework.http.ResponseEntity<java.util.Map<java.lang.String, java.lang.Object>> org.springframework.boot.autoconfigure.web.BasicErrorController.error(javax.servlet.http.HttpServletRequest)
2017-11-13 11:47:26.804  INFO 9800 --- [main] s.w.s.m.m.a.RequestMappingHandlerMapping : Mapped "{[/error],produces=[text/html]}" onto public org.springframework.web.servlet.ModelAndView org.springframework.boot.autoconfigure.web.BasicErrorController.errorHtml(javax.servlet.http.HttpServletRequest,javax.servlet.http.HttpServletResponse)
2017-11-13 11:47:26.913  INFO 9800 --- [main] o.s.w.s.handler.SimpleUrlHandlerMapping  : Mapped URL path [/webjars/**] onto handler of type [class org.springframework.web.servlet.resource.ResourceHttpRequestHandler]
2017-11-13 11:47:26.913  INFO 9800 --- [main] o.s.w.s.handler.SimpleUrlHandlerMapping  : Mapped URL path [/**] onto handler of type [class org.springframework.web.servlet.resource.ResourceHttpRequestHandler]
2017-11-13 11:47:27.007  INFO 9800 --- [main] o.s.w.s.handler.SimpleUrlHandlerMapping  : Mapped URL path [/**/favicon.ico] onto handler of type [class org.springframework.web.servlet.resource.ResourceHttpRequestHandler]
2017-11-13 11:47:28.052  WARN 9800 --- [main] c.n.c.sources.URLConfigurationSource     : No URLs will be polled as dynamic configuration sources.
2017-11-13 11:47:28.052  INFO 9800 --- [main] c.n.c.sources.URLConfigurationSource     : To enable URLs as dynamic configuration sources, define System property archaius.configurationSource.additionalUrls or make config.properties available on classpath.
2017-11-13 11:47:28.052  WARN 9800 --- [main] c.n.c.sources.URLConfigurationSource     : No URLs will be polled as dynamic configuration sources.
2017-11-13 11:47:28.052  INFO 9800 --- [main] c.n.c.sources.URLConfigurationSource     : To enable URLs as dynamic configuration sources, define System property archaius.configurationSource.additionalUrls or make config.properties available on classpath.
2017-11-13 11:47:28.239  INFO 9800 --- [main] o.s.j.e.a.AnnotationMBeanExporter        : Registering beans for JMX exposure on startup
2017-11-13 11:47:28.239  INFO 9800 --- [main] o.s.j.e.a.AnnotationMBeanExporter        : Bean with name 'environmentManager' has been autodetected for JMX exposure
2017-11-13 11:47:28.239  INFO 9800 --- [main] o.s.j.e.a.AnnotationMBeanExporter        : Bean with name 'configurationPropertiesRebinder' has been autodetected for JMX exposure
2017-11-13 11:47:28.255  INFO 9800 --- [main] o.s.j.e.a.AnnotationMBeanExporter        : Bean with name 'refreshScope' has been autodetected for JMX exposure
2017-11-13 11:47:28.255  INFO 9800 --- [main] o.s.j.e.a.AnnotationMBeanExporter        : Located managed bean 'environmentManager': registering with JMX server as MBean [org.springframework.cloud.context.environment:name=environmentManager,type=EnvironmentManager]
2017-11-13 11:47:28.255  INFO 9800 --- [main] o.s.j.e.a.AnnotationMBeanExporter        : Located managed bean 'refreshScope': registering with JMX server as MBean [org.springframework.cloud.context.scope.refresh:name=refreshScope,type=RefreshScope]
2017-11-13 11:47:28.286  INFO 9800 --- [main] o.s.j.e.a.AnnotationMBeanExporter        : Located managed bean 'configurationPropertiesRebinder': registering with JMX server as MBean [org.springframework.cloud.context.properties:name=configurationPropertiesRebinder,context=4e9658b5,type=ConfigurationPropertiesRebinder]
2017-11-13 11:47:28.442  INFO 9800 --- [main] o.s.c.support.DefaultLifecycleProcessor  : Starting beans in phase 0
2017-11-13 11:47:28.457  INFO 9800 --- [main] o.s.c.n.eureka.InstanceInfoFactory       : Setting initial instance status as: STARTING
2017-11-13 11:47:28.504  INFO 9800 --- [main] com.netflix.discovery.DiscoveryClient    : Initializing Eureka in region us-east-1
2017-11-13 11:47:28.925  INFO 9800 --- [main] c.n.d.provider.DiscoveryJerseyProvider   : Using JSON encoding codec LegacyJacksonJson
2017-11-13 11:47:28.925  INFO 9800 --- [main] c.n.d.provider.DiscoveryJerseyProvider   : Using JSON decoding codec LegacyJacksonJson
2017-11-13 11:47:29.081  INFO 9800 --- [main] c.n.d.provider.DiscoveryJerseyProvider   : Using XML encoding codec XStreamXml
2017-11-13 11:47:29.081  INFO 9800 --- [main] c.n.d.provider.DiscoveryJerseyProvider   : Using XML decoding codec XStreamXml
2017-11-13 11:47:29.409  INFO 9800 --- [main] c.n.d.s.r.aws.ConfigClusterResolver      : Resolving eureka endpoints via configuration
2017-11-13 11:47:29.518  INFO 9800 --- [main] com.netflix.discovery.DiscoveryClient    : Disable delta property : false
2017-11-13 11:47:29.518  INFO 9800 --- [main] com.netflix.discovery.DiscoveryClient    : Single vip registry refresh property : null
2017-11-13 11:47:29.518  INFO 9800 --- [main] com.netflix.discovery.DiscoveryClient    : Force full registry fetch : false
2017-11-13 11:47:29.518  INFO 9800 --- [main] com.netflix.discovery.DiscoveryClient    : Application is null : false
2017-11-13 11:47:29.518  INFO 9800 --- [main] com.netflix.discovery.DiscoveryClient    : Registered Applications size is zero : true
2017-11-13 11:47:29.518  INFO 9800 --- [main] com.netflix.discovery.DiscoveryClient    : Application version is -1: true
2017-11-13 11:47:29.518  INFO 9800 --- [main] com.netflix.discovery.DiscoveryClient    : Getting all instance registry info from the eureka server
2017-11-13 11:47:29.721  INFO 9800 --- [main] com.netflix.discovery.DiscoveryClient    : The response status is 200
2017-11-13 11:47:29.721  INFO 9800 --- [main] com.netflix.discovery.DiscoveryClient    : Starting heartbeat executor: renew interval is: 30
2017-11-13 11:47:29.721  INFO 9800 --- [main] c.n.discovery.InstanceInfoReplicator     : InstanceInfoReplicator onDemand update allowed rate per min is 4
2017-11-13 11:47:29.737  INFO 9800 --- [main] com.netflix.discovery.DiscoveryClient    : Discovery Client initialized at timestamp 1510544849737 with initial instances count: 0
2017-11-13 11:47:29.830  INFO 9800 --- [main] o.s.c.n.e.s.EurekaServiceRegistry        : Registering application eureka-consumer-ribbon-hystrix with eureka with status UP
2017-11-13 11:47:29.830  INFO 9800 --- [main] com.netflix.discovery.DiscoveryClient    : Saw local status change event StatusChangeEvent [timestamp=1510544849830, current=UP, previous=STARTING]
2017-11-13 11:47:29.830  INFO 9800 --- [DiscoveryClient-InstanceInfoReplicator-0] com.netflix.discovery.DiscoveryClient    : DiscoveryClient_EUREKA-CONSUMER-RIBBON-HYSTRIX/tingyun.com.abc:eureka-consumer-ribbon-hystrix:2103: registering service...
2017-11-13 11:47:29.939  INFO 9800 --- [main] s.b.c.e.t.TomcatEmbeddedServletContainer : Tomcat started on port(s): 2103 (http)
2017-11-13 11:47:29.971  INFO 9800 --- [DiscoveryClient-InstanceInfoReplicator-0] com.netflix.discovery.DiscoveryClient    : DiscoveryClient_EUREKA-CONSUMER-RIBBON-HYSTRIX/tingyun.com.abc:eureka-consumer-ribbon-hystrix:2103 - registration status: 204
2017-11-13 11:47:29.986  INFO 9800 --- [main] .s.c.n.e.s.EurekaAutoServiceRegistration : Updating port to 2103
2017-11-13 11:47:29.986  INFO 9800 --- [main] c.EurekaRibbonConsumerHystrixApplication : Started EurekaRibbonConsumerHystrixApplication in 10.23 seconds (JVM running for 10.974)
2017-11-13 11:47:36.506  INFO 9800 --- [http-nio-2103-exec-6] o.a.c.c.C.[Tomcat].[localhost].[/]       : Initializing Spring FrameworkServlet 'dispatcherServlet'
2017-11-13 11:47:36.506  INFO 9800 --- [http-nio-2103-exec-6] o.s.web.servlet.DispatcherServlet        : FrameworkServlet 'dispatcherServlet': initialization started
2017-11-13 11:47:36.553  INFO 9800 --- [http-nio-2103-exec-6] o.s.web.servlet.DispatcherServlet        : FrameworkServlet 'dispatcherServlet': initialization completed in 47 ms
2017-11-13 11:47:36.931  INFO 9800 --- [hystrix-ConsumerService-1] s.c.a.AnnotationConfigApplicationContext : Refreshing org.springframework.context.annotation.AnnotationConfigApplicationContext@be28759: startup date [Mon Nov 13 11:47:36 CST 2017]; parent: org.springframework.boot.context.embedded.AnnotationConfigEmbeddedWebApplicationContext@4e9658b5
2017-11-13 11:47:36.995  INFO 9800 --- [hystrix-ConsumerService-1] f.a.AutowiredAnnotationBeanPostProcessor : JSR-330 'javax.inject.Inject' annotation found and supported for autowiring
2017-11-13 11:47:37.205  INFO 9800 --- [hystrix-ConsumerService-1] c.netflix.config.ChainedDynamicProperty  : Flipping property: eureka-client.ribbon.ActiveConnectionsLimit to use NEXT property: niws.loadbalancer.availabilityFilteringRule.activeConnectionsLimit = 2147483647
2017-11-13 11:47:37.221  INFO 9800 --- [hystrix-ConsumerService-1] c.n.u.concurrent.ShutdownEnabledTimer    : Shutdown hook installed for: NFLoadBalancer-PingTimer-eureka-client
2017-11-13 11:47:37.252  INFO 9800 --- [hystrix-ConsumerService-1] c.netflix.loadbalancer.BaseLoadBalancer  : Client: eureka-client instantiated a LoadBalancer: DynamicServerListLoadBalancer:{NFLoadBalancer:name=eureka-client,current list of Servers=[],Load balancer stats=Zone stats: {},Server stats: []}ServerList:null
2017-11-13 11:47:37.268  INFO 9800 --- [hystrix-ConsumerService-1] c.n.l.DynamicServerListLoadBalancer      : Using serverListUpdater PollingServerListUpdater
2017-11-13 11:47:37.268  INFO 9800 --- [hystrix-ConsumerService-1] c.n.l.DynamicServerListLoadBalancer      : DynamicServerListLoadBalancer for client eureka-client initialized: DynamicServerListLoadBalancer:{NFLoadBalancer:name=eureka-client,current list of Servers=[],Load balancer stats=Zone stats: {},Server stats: []}ServerList:org.springframework.cloud.netflix.ribbon.eureka.DomainExtractingServerList@3289bc9
2017-11-13 11:47:59.734  INFO 9800 --- [DiscoveryClient-CacheRefreshExecutor-0] com.netflix.discovery.DiscoveryClient    : Disable delta property : false
2017-11-13 11:47:59.735  INFO 9800 --- [DiscoveryClient-CacheRefreshExecutor-0] com.netflix.discovery.DiscoveryClient    : Single vip registry refresh property : null
2017-11-13 11:47:59.735  INFO 9800 --- [DiscoveryClient-CacheRefreshExecutor-0] com.netflix.discovery.DiscoveryClient    : Force full registry fetch : false
2017-11-13 11:47:59.736  INFO 9800 --- [DiscoveryClient-CacheRefreshExecutor-0] com.netflix.discovery.DiscoveryClient    : Application is null : false
2017-11-13 11:47:59.738  INFO 9800 --- [DiscoveryClient-CacheRefreshExecutor-0] com.netflix.discovery.DiscoveryClient    : Registered Applications size is zero : true
2017-11-13 11:47:59.738  INFO 9800 --- [DiscoveryClient-CacheRefreshExecutor-0] com.netflix.discovery.DiscoveryClient    : Application version is -1: false
2017-11-13 11:47:59.739  INFO 9800 --- [DiscoveryClient-CacheRefreshExecutor-0] com.netflix.discovery.DiscoveryClient    : Getting all instance registry info from the eureka server
2017-11-13 11:47:59.808  INFO 9800 --- [DiscoveryClient-CacheRefreshExecutor-0] com.netflix.discovery.DiscoveryClient    : The response status is 200
2017-11-13 11:48:08.339  INFO 9800 --- [PollingServerListUpdater-0] c.netflix.config.ChainedDynamicProperty  : Flipping property: eureka-client.ribbon.ActiveConnectionsLimit to use NEXT property: niws.loadbalancer.availabilityFilteringRule.activeConnectionsLimit = 2147483647
2017-11-13 11:52:29.528  INFO 9800 --- [AsyncResolver-bootstrap-executor-0] c.n.d.s.r.aws.ConfigClusterResolver      : Resolving eureka endpoints via configuration
2017-11-13 11:57:29.533  INFO 9800 --- [AsyncResolver-bootstrap-executor-0] c.n.d.s.r.aws.ConfigClusterResolver      : Resolving eureka endpoints via configuration
2017-11-13 12:02:29.539  INFO 9800 --- [AsyncResolver-bootstrap-executor-0] c.n.d.s.r.aws.ConfigClusterResolver      : Resolving eureka endpoints via configuration
2017-11-13 12:07:29.547  INFO 9800 --- [AsyncResolver-bootstrap-executor-0] c.n.d.s.r.aws.ConfigClusterResolver      : Resolving eureka endpoints via configuration
2017-11-13 12:12:29.557  INFO 9800 --- [AsyncResolver-bootstrap-executor-0] c.n.d.s.r.aws.ConfigClusterResolver      : Resolving eureka endpoints via configuration
2017-11-13 12:17:29.567  INFO 9800 --- [AsyncResolver-bootstrap-executor-0] c.n.d.s.r.aws.ConfigClusterResolver      : Resolving eureka endpoints via configuration
2017-11-13 12:22:29.577  INFO 9800 --- [AsyncResolver-bootstrap-executor-0] c.n.d.s.r.aws.ConfigClusterResolver      : Resolving eureka endpoints via configuration
2017-11-13 12:27:29.598  INFO 9800 --- [AsyncResolver-bootstrap-executor-0] c.n.d.s.r.aws.ConfigClusterResolver      : Resolving eureka endpoints via configuration
2017-11-13 12:32:29.618  INFO 9800 --- [AsyncResolver-bootstrap-executor-0] c.n.d.s.r.aws.ConfigClusterResolver      : Resolving eureka endpoints via configuration
2017-11-13 12:37:29.636  INFO 9800 --- [AsyncResolver-bootstrap-executor-0] c.n.d.s.r.aws.ConfigClusterResolver      : Resolving eureka endpoints via configuration
2017-11-13 12:42:29.646  INFO 9800 --- [AsyncResolver-bootstrap-executor-0] c.n.d.s.r.aws.ConfigClusterResolver      : Resolving eureka endpoints via configuration
2017-11-13 12:47:29.653  INFO 9800 --- [AsyncResolver-bootstrap-executor-0] c.n.d.s.r.aws.ConfigClusterResolver      : Resolving eureka endpoints via configuration
2017-11-13 12:52:29.669  INFO 9800 --- [AsyncResolver-bootstrap-executor-0] c.n.d.s.r.aws.ConfigClusterResolver      : Resolving eureka endpoints via configuration
2017-11-13 12:57:29.682  INFO 9800 --- [AsyncResolver-bootstrap-executor-0] c.n.d.s.r.aws.ConfigClusterResolver      : Resolving eureka endpoints via configuration
2017-11-13 13:02:29.697  INFO 9800 --- [AsyncResolver-bootstrap-executor-0] c.n.d.s.r.aws.ConfigClusterResolver      : Resolving eureka endpoints via configuration
2017-11-13 13:07:29.712  INFO 9800 --- [AsyncResolver-bootstrap-executor-0] c.n.d.s.r.aws.ConfigClusterResolver      : Resolving eureka endpoints via configuration
2017-11-13 13:12:29.724  INFO 9800 --- [AsyncResolver-bootstrap-executor-0] c.n.d.s.r.aws.ConfigClusterResolver      : Resolving eureka endpoints via configuration
2017-11-13 13:17:29.740  INFO 9800 --- [AsyncResolver-bootstrap-executor-0] c.n.d.s.r.aws.ConfigClusterResolver      : Resolving eureka endpoints via configuration
2017-11-13 13:22:29.760  INFO 9800 --- [AsyncResolver-bootstrap-executor-0] c.n.d.s.r.aws.ConfigClusterResolver      : Resolving eureka endpoints via configuration
2017-11-13 13:27:29.775  INFO 9800 --- [AsyncResolver-bootstrap-executor-0] c.n.d.s.r.aws.ConfigClusterResolver      : Resolving eureka endpoints via configuration
2017-11-13 13:32:29.785  INFO 9800 --- [AsyncResolver-bootstrap-executor-0] c.n.d.s.r.aws.ConfigClusterResolver      : Resolving eureka endpoints via configuration
2017-11-13 13:37:29.793  INFO 9800 --- [AsyncResolver-bootstrap-executor-0] c.n.d.s.r.aws.ConfigClusterResolver      : Resolving eureka endpoints via configuration
2017-11-13 13:42:29.812  INFO 9800 --- [AsyncResolver-bootstrap-executor-0] c.n.d.s.r.aws.ConfigClusterResolver      : Resolving eureka endpoints via configuration
2017-11-13 13:47:29.822  INFO 9800 --- [AsyncResolver-bootstrap-executor-0] c.n.d.s.r.aws.ConfigClusterResolver      : Resolving eureka endpoints via configuration
2017-11-13 13:52:29.839  INFO 9800 --- [AsyncResolver-bootstrap-executor-0] c.n.d.s.r.aws.ConfigClusterResolver      : Resolving eureka endpoints via configuration
2017-11-13 13:57:29.848  INFO 9800 --- [AsyncResolver-bootstrap-executor-0] c.n.d.s.r.aws.ConfigClusterResolver      : Resolving eureka endpoints via configuration
2017-11-13 14:02:29.861  INFO 9800 --- [AsyncResolver-bootstrap-executor-0] c.n.d.s.r.aws.ConfigClusterResolver      : Resolving eureka endpoints via configuration
2017-11-13 14:07:29.874  INFO 9800 --- [AsyncResolver-bootstrap-executor-0] c.n.d.s.r.aws.ConfigClusterResolver      : Resolving eureka endpoints via configuration
2017-11-13 14:12:29.892  INFO 9800 --- [AsyncResolver-bootstrap-executor-0] c.n.d.s.r.aws.ConfigClusterResolver      : Resolving eureka endpoints via configuration
2017-11-13 14:17:29.905  INFO 9800 --- [AsyncResolver-bootstrap-executor-0] c.n.d.s.r.aws.ConfigClusterResolver      : Resolving eureka endpoints via configuration
2017-11-13 14:22:29.921  INFO 9800 --- [AsyncResolver-bootstrap-executor-0] c.n.d.s.r.aws.ConfigClusterResolver      : Resolving eureka endpoints via configuration
2017-11-13 14:27:29.940  INFO 9800 --- [AsyncResolver-bootstrap-executor-0] c.n.d.s.r.aws.ConfigClusterResolver      : Resolving eureka endpoints via configuration
2017-11-13 14:32:29.950  INFO 9800 --- [AsyncResolver-bootstrap-executor-0] c.n.d.s.r.aws.ConfigClusterResolver      : Resolving eureka endpoints via configuration
2017-11-13 14:37:29.955  INFO 9800 --- [AsyncResolver-bootstrap-executor-0] c.n.d.s.r.aws.ConfigClusterResolver      : Resolving eureka endpoints via configuration
2017-11-13 14:42:29.967  INFO 9800 --- [AsyncResolver-bootstrap-executor-0] c.n.d.s.r.aws.ConfigClusterResolver      : Resolving eureka endpoints via configuration
2017-11-13 14:47:29.984  INFO 9800 --- [AsyncResolver-bootstrap-executor-0] c.n.d.s.r.aws.ConfigClusterResolver      : Resolving eureka endpoints via configuration
2017-11-13 14:52:29.991  INFO 9800 --- [AsyncResolver-bootstrap-executor-0] c.n.d.s.r.aws.ConfigClusterResolver      : Resolving eureka endpoints via configuration
2017-11-13 14:57:30.011  INFO 9800 --- [AsyncResolver-bootstrap-executor-0] c.n.d.s.r.aws.ConfigClusterResolver      : Resolving eureka endpoints via configuration
2017-11-13 15:02:30.027  INFO 9800 --- [AsyncResolver-bootstrap-executor-0] c.n.d.s.r.aws.ConfigClusterResolver      : Resolving eureka endpoints via configuration
2017-11-13 15:07:30.033  INFO 9800 --- [AsyncResolver-bootstrap-executor-0] c.n.d.s.r.aws.ConfigClusterResolver      : Resolving eureka endpoints via configuration
2017-11-13 15:12:30.038  INFO 9800 --- [AsyncResolver-bootstrap-executor-0] c.n.d.s.r.aws.ConfigClusterResolver      : Resolving eureka endpoints via configuration
2017-11-13 15:17:30.043  INFO 9800 --- [AsyncResolver-bootstrap-executor-0] c.n.d.s.r.aws.ConfigClusterResolver      : Resolving eureka endpoints via configuration
2017-11-13 15:22:30.048  INFO 9800 --- [AsyncResolver-bootstrap-executor-0] c.n.d.s.r.aws.ConfigClusterResolver      : Resolving eureka endpoints via configuration
2017-11-13 15:27:58.036  INFO 6764 --- [main] c.EurekaRibbonConsumerHystrixApplication : No active profile set, falling back to default profiles: default
2017-11-13 15:27:58.051  INFO 6764 --- [main] ationConfigEmbeddedWebApplicationContext : Refreshing org.springframework.boot.context.embedded.AnnotationConfigEmbeddedWebApplicationContext@3aacf32a: startup date [Mon Nov 13 15:27:58 CST 2017]; parent: org.springframework.context.annotation.AnnotationConfigApplicationContext@3e0e1046
2017-11-13 15:27:58.847  INFO 6764 --- [main] o.s.cloud.context.scope.GenericScope     : BeanFactory id=7cdb2230-4313-33fb-a8ea-320b6c5a145d
2017-11-13 15:27:58.878  INFO 6764 --- [main] f.a.AutowiredAnnotationBeanPostProcessor : JSR-330 'javax.inject.Inject' annotation found and supported for autowiring
2017-11-13 15:27:59.050  INFO 6764 --- [main] trationDelegate$BeanPostProcessorChecker : Bean 'org.springframework.cloud.autoconfigure.ConfigurationPropertiesRebinderAutoConfiguration' of type [org.springframework.cloud.autoconfigure.ConfigurationPropertiesRebinderAutoConfiguration$$EnhancerBySpringCGLIB$$4b2b1239] is not eligible for getting processed by all BeanPostProcessors (for example: not eligible for auto-proxying)
2017-11-13 15:27:59.892  INFO 6764 --- [main] s.b.c.e.t.TomcatEmbeddedServletContainer : Tomcat initialized with port(s): 2103 (http)
2017-11-13 15:27:59.908  INFO 6764 --- [main] o.apache.catalina.core.StandardService   : Starting service [Tomcat]
2017-11-13 15:27:59.908  INFO 6764 --- [main] org.apache.catalina.core.StandardEngine  : Starting Servlet Engine: Apache Tomcat/8.5.23
2017-11-13 15:28:00.157  INFO 6764 --- [localhost-startStop-1] o.a.c.c.C.[Tomcat].[localhost].[/]       : Initializing Spring embedded WebApplicationContext
2017-11-13 15:28:00.157  INFO 6764 --- [localhost-startStop-1] o.s.web.context.ContextLoader            : Root WebApplicationContext: initialization completed in 2106 ms
2017-11-13 15:28:00.469  INFO 6764 --- [localhost-startStop-1] o.s.b.w.servlet.ServletRegistrationBean  : Mapping servlet: 'dispatcherServlet' to [/]
2017-11-13 15:28:00.469  INFO 6764 --- [localhost-startStop-1] o.s.b.w.servlet.FilterRegistrationBean   : Mapping filter: 'characterEncodingFilter' to: [/*]
2017-11-13 15:28:00.469  INFO 6764 --- [localhost-startStop-1] o.s.b.w.servlet.FilterRegistrationBean   : Mapping filter: 'hiddenHttpMethodFilter' to: [/*]
2017-11-13 15:28:00.469  INFO 6764 --- [localhost-startStop-1] o.s.b.w.servlet.FilterRegistrationBean   : Mapping filter: 'httpPutFormContentFilter' to: [/*]
2017-11-13 15:28:00.469  INFO 6764 --- [localhost-startStop-1] o.s.b.w.servlet.FilterRegistrationBean   : Mapping filter: 'requestContextFilter' to: [/*]
2017-11-13 15:28:01.936  INFO 6764 --- [main] s.w.s.m.m.a.RequestMappingHandlerAdapter : Looking for @ControllerAdvice: org.springframework.boot.context.embedded.AnnotationConfigEmbeddedWebApplicationContext@3aacf32a: startup date [Mon Nov 13 15:27:58 CST 2017]; parent: org.springframework.context.annotation.AnnotationConfigApplicationContext@3e0e1046
2017-11-13 15:28:02.107  INFO 6764 --- [main] s.w.s.m.m.a.RequestMappingHandlerMapping : Mapped "{[/consumer],methods=[GET]}" onto public java.lang.String com.wade.cloud.controller.DcController.dc()
2017-11-13 15:28:02.107  INFO 6764 --- [main] s.w.s.m.m.a.RequestMappingHandlerMapping : Mapped "{[/error]}" onto public org.springframework.http.ResponseEntity<java.util.Map<java.lang.String, java.lang.Object>> org.springframework.boot.autoconfigure.web.BasicErrorController.error(javax.servlet.http.HttpServletRequest)
2017-11-13 15:28:02.107  INFO 6764 --- [main] s.w.s.m.m.a.RequestMappingHandlerMapping : Mapped "{[/error],produces=[text/html]}" onto public org.springframework.web.servlet.ModelAndView org.springframework.boot.autoconfigure.web.BasicErrorController.errorHtml(javax.servlet.http.HttpServletRequest,javax.servlet.http.HttpServletResponse)
2017-11-13 15:28:02.248  INFO 6764 --- [main] o.s.w.s.handler.SimpleUrlHandlerMapping  : Mapped URL path [/webjars/**] onto handler of type [class org.springframework.web.servlet.resource.ResourceHttpRequestHandler]
2017-11-13 15:28:02.248  INFO 6764 --- [main] o.s.w.s.handler.SimpleUrlHandlerMapping  : Mapped URL path [/**] onto handler of type [class org.springframework.web.servlet.resource.ResourceHttpRequestHandler]
2017-11-13 15:28:02.326  INFO 6764 --- [main] o.s.w.s.handler.SimpleUrlHandlerMapping  : Mapped URL path [/**/favicon.ico] onto handler of type [class org.springframework.web.servlet.resource.ResourceHttpRequestHandler]
2017-11-13 15:28:03.184  WARN 6764 --- [main] c.n.c.sources.URLConfigurationSource     : No URLs will be polled as dynamic configuration sources.
2017-11-13 15:28:03.184  INFO 6764 --- [main] c.n.c.sources.URLConfigurationSource     : To enable URLs as dynamic configuration sources, define System property archaius.configurationSource.additionalUrls or make config.properties available on classpath.
2017-11-13 15:28:03.199  WARN 6764 --- [main] c.n.c.sources.URLConfigurationSource     : No URLs will be polled as dynamic configuration sources.
2017-11-13 15:28:03.199  INFO 6764 --- [main] c.n.c.sources.URLConfigurationSource     : To enable URLs as dynamic configuration sources, define System property archaius.configurationSource.additionalUrls or make config.properties available on classpath.
2017-11-13 15:28:03.433  INFO 6764 --- [main] o.s.j.e.a.AnnotationMBeanExporter        : Registering beans for JMX exposure on startup
2017-11-13 15:28:03.449  INFO 6764 --- [main] o.s.j.e.a.AnnotationMBeanExporter        : Bean with name 'environmentManager' has been autodetected for JMX exposure
2017-11-13 15:28:03.449  INFO 6764 --- [main] o.s.j.e.a.AnnotationMBeanExporter        : Bean with name 'configurationPropertiesRebinder' has been autodetected for JMX exposure
2017-11-13 15:28:03.449  INFO 6764 --- [main] o.s.j.e.a.AnnotationMBeanExporter        : Bean with name 'refreshScope' has been autodetected for JMX exposure
2017-11-13 15:28:03.449  INFO 6764 --- [main] o.s.j.e.a.AnnotationMBeanExporter        : Located managed bean 'environmentManager': registering with JMX server as MBean [org.springframework.cloud.context.environment:name=environmentManager,type=EnvironmentManager]
2017-11-13 15:28:03.464  INFO 6764 --- [main] o.s.j.e.a.AnnotationMBeanExporter        : Located managed bean 'refreshScope': registering with JMX server as MBean [org.springframework.cloud.context.scope.refresh:name=refreshScope,type=RefreshScope]
2017-11-13 15:28:03.480  INFO 6764 --- [main] o.s.j.e.a.AnnotationMBeanExporter        : Located managed bean 'configurationPropertiesRebinder': registering with JMX server as MBean [org.springframework.cloud.context.properties:name=configurationPropertiesRebinder,context=3aacf32a,type=ConfigurationPropertiesRebinder]
2017-11-13 15:28:03.574  INFO 6764 --- [main] o.s.c.support.DefaultLifecycleProcessor  : Starting beans in phase 0
2017-11-13 15:28:03.589  INFO 6764 --- [main] o.s.c.n.eureka.InstanceInfoFactory       : Setting initial instance status as: STARTING
2017-11-13 15:28:03.652  INFO 6764 --- [main] com.netflix.discovery.DiscoveryClient    : Initializing Eureka in region us-east-1
2017-11-13 15:28:04.088  INFO 6764 --- [main] c.n.d.provider.DiscoveryJerseyProvider   : Using JSON encoding codec LegacyJacksonJson
2017-11-13 15:28:04.088  INFO 6764 --- [main] c.n.d.provider.DiscoveryJerseyProvider   : Using JSON decoding codec LegacyJacksonJson
2017-11-13 15:28:04.276  INFO 6764 --- [main] c.n.d.provider.DiscoveryJerseyProvider   : Using XML encoding codec XStreamXml
2017-11-13 15:28:04.276  INFO 6764 --- [main] c.n.d.provider.DiscoveryJerseyProvider   : Using XML decoding codec XStreamXml
2017-11-13 15:28:04.572  INFO 6764 --- [main] c.n.d.s.r.aws.ConfigClusterResolver      : Resolving eureka endpoints via configuration
2017-11-13 15:28:04.650  INFO 6764 --- [main] com.netflix.discovery.DiscoveryClient    : Disable delta property : false
2017-11-13 15:28:04.650  INFO 6764 --- [main] com.netflix.discovery.DiscoveryClient    : Single vip registry refresh property : null
2017-11-13 15:28:04.650  INFO 6764 --- [main] com.netflix.discovery.DiscoveryClient    : Force full registry fetch : false
2017-11-13 15:28:04.650  INFO 6764 --- [main] com.netflix.discovery.DiscoveryClient    : Application is null : false
2017-11-13 15:28:04.650  INFO 6764 --- [main] com.netflix.discovery.DiscoveryClient    : Registered Applications size is zero : true
2017-11-13 15:28:04.650  INFO 6764 --- [main] com.netflix.discovery.DiscoveryClient    : Application version is -1: true
2017-11-13 15:28:04.650  INFO 6764 --- [main] com.netflix.discovery.DiscoveryClient    : Getting all instance registry info from the eureka server
2017-11-13 15:28:04.900  INFO 6764 --- [main] com.netflix.discovery.DiscoveryClient    : The response status is 200
2017-11-13 15:28:04.915  INFO 6764 --- [main] com.netflix.discovery.DiscoveryClient    : Starting heartbeat executor: renew interval is: 30
2017-11-13 15:28:04.915  INFO 6764 --- [main] c.n.discovery.InstanceInfoReplicator     : InstanceInfoReplicator onDemand update allowed rate per min is 4
2017-11-13 15:28:04.915  INFO 6764 --- [main] com.netflix.discovery.DiscoveryClient    : Discovery Client initialized at timestamp 1510558084915 with initial instances count: 1
2017-11-13 15:28:04.993  INFO 6764 --- [main] o.s.c.n.e.s.EurekaServiceRegistry        : Registering application eureka-consumer-ribbon-hystrix with eureka with status UP
2017-11-13 15:28:05.009  INFO 6764 --- [main] com.netflix.discovery.DiscoveryClient    : Saw local status change event StatusChangeEvent [timestamp=1510558084993, current=UP, previous=STARTING]
2017-11-13 15:28:05.009  INFO 6764 --- [DiscoveryClient-InstanceInfoReplicator-0] com.netflix.discovery.DiscoveryClient    : DiscoveryClient_EUREKA-CONSUMER-RIBBON-HYSTRIX/tingyun.com.abc:eureka-consumer-ribbon-hystrix:2103: registering service...
2017-11-13 15:28:05.102  INFO 6764 --- [DiscoveryClient-InstanceInfoReplicator-0] com.netflix.discovery.DiscoveryClient    : DiscoveryClient_EUREKA-CONSUMER-RIBBON-HYSTRIX/tingyun.com.abc:eureka-consumer-ribbon-hystrix:2103 - registration status: 204
2017-11-13 15:28:05.118  INFO 6764 --- [main] s.b.c.e.t.TomcatEmbeddedServletContainer : Tomcat started on port(s): 2103 (http)
2017-11-13 15:28:05.118  INFO 6764 --- [main] .s.c.n.e.s.EurekaAutoServiceRegistration : Updating port to 2103
2017-11-13 15:28:05.118  INFO 6764 --- [main] c.EurekaRibbonConsumerHystrixApplication : Started EurekaRibbonConsumerHystrixApplication in 9.657 seconds (JVM running for 10.329)
2017-11-13 15:29:18.866  INFO 6764 --- [http-nio-2103-exec-4] o.a.c.c.C.[Tomcat].[localhost].[/]       : Initializing Spring FrameworkServlet 'dispatcherServlet'
2017-11-13 15:29:18.866  INFO 6764 --- [http-nio-2103-exec-4] o.s.web.servlet.DispatcherServlet        : FrameworkServlet 'dispatcherServlet': initialization started
2017-11-13 15:29:18.913  INFO 6764 --- [http-nio-2103-exec-4] o.s.web.servlet.DispatcherServlet        : FrameworkServlet 'dispatcherServlet': initialization completed in 47 ms
2017-11-13 15:32:57.225  INFO 6764 --- [hystrix-ConsumerService-1] s.c.a.AnnotationConfigApplicationContext : Refreshing org.springframework.context.annotation.AnnotationConfigApplicationContext@2c9aa93f: startup date [Mon Nov 13 15:32:57 CST 2017]; parent: org.springframework.boot.context.embedded.AnnotationConfigEmbeddedWebApplicationContext@3aacf32a
2017-11-13 15:32:57.303  INFO 6764 --- [hystrix-ConsumerService-1] f.a.AutowiredAnnotationBeanPostProcessor : JSR-330 'javax.inject.Inject' annotation found and supported for autowiring
2017-11-13 15:32:57.566  INFO 6764 --- [hystrix-ConsumerService-1] c.netflix.config.ChainedDynamicProperty  : Flipping property: eureka-client.ribbon.ActiveConnectionsLimit to use NEXT property: niws.loadbalancer.availabilityFilteringRule.activeConnectionsLimit = 2147483647
2017-11-13 15:32:57.597  INFO 6764 --- [hystrix-ConsumerService-1] c.n.u.concurrent.ShutdownEnabledTimer    : Shutdown hook installed for: NFLoadBalancer-PingTimer-eureka-client
2017-11-13 15:32:57.613  INFO 6764 --- [hystrix-ConsumerService-1] c.netflix.loadbalancer.BaseLoadBalancer  : Client: eureka-client instantiated a LoadBalancer: DynamicServerListLoadBalancer:{NFLoadBalancer:name=eureka-client,current list of Servers=[],Load balancer stats=Zone stats: {},Server stats: []}ServerList:null
2017-11-13 15:32:57.628  INFO 6764 --- [hystrix-ConsumerService-1] c.n.l.DynamicServerListLoadBalancer      : Using serverListUpdater PollingServerListUpdater
2017-11-13 15:32:57.659  INFO 6764 --- [hystrix-ConsumerService-1] c.netflix.config.ChainedDynamicProperty  : Flipping property: eureka-client.ribbon.ActiveConnectionsLimit to use NEXT property: niws.loadbalancer.availabilityFilteringRule.activeConnectionsLimit = 2147483647
2017-11-13 15:32:57.659  INFO 6764 --- [hystrix-ConsumerService-1] c.n.l.DynamicServerListLoadBalancer      : DynamicServerListLoadBalancer for client eureka-client initialized: DynamicServerListLoadBalancer:{NFLoadBalancer:name=eureka-client,current list of Servers=[tingyun.com.abc:2001],Load balancer stats=Zone stats: {defaultzone=[Zone:defaultzone;	Instance count:1;	Active connections count: 0;	Circuit breaker tripped count: 0;	Active connections per server: 0.0;]
},Server stats: [[Server:tingyun.com.abc:2001;	Zone:defaultZone;	Total Requests:0;	Successive connection failure:0;	Total blackout seconds:0;	Last connection made:Thu Jan 01 08:00:00 CST 1970;	First connection made: Thu Jan 01 08:00:00 CST 1970;	Active Connections:0;	total failure count in last (1000) msecs:0;	average resp time:0.0;	90 percentile resp time:0.0;	95 percentile resp time:0.0;	min resp time:0.0;	max resp time:0.0;	stddev resp time:0.0]
]}ServerList:org.springframework.cloud.netflix.ribbon.eureka.DomainExtractingServerList@79fa152
2017-11-13 15:32:58.679  INFO 6764 --- [PollingServerListUpdater-0] c.netflix.config.ChainedDynamicProperty  : Flipping property: eureka-client.ribbon.ActiveConnectionsLimit to use NEXT property: niws.loadbalancer.availabilityFilteringRule.activeConnectionsLimit = 2147483647
2017-11-13 15:33:04.666  INFO 6764 --- [AsyncResolver-bootstrap-executor-0] c.n.d.s.r.aws.ConfigClusterResolver      : Resolving eureka endpoints via configuration
2017-11-13 15:38:04.687  INFO 6764 --- [AsyncResolver-bootstrap-executor-0] c.n.d.s.r.aws.ConfigClusterResolver      : Resolving eureka endpoints via configuration
2017-11-13 15:41:44.986  INFO 9444 --- [main] c.EurekaRibbonConsumerHystrixApplication : No active profile set, falling back to default profiles: default
2017-11-13 15:41:45.018  INFO 9444 --- [main] ationConfigEmbeddedWebApplicationContext : Refreshing org.springframework.boot.context.embedded.AnnotationConfigEmbeddedWebApplicationContext@54e81b21: startup date [Mon Nov 13 15:41:45 CST 2017]; parent: org.springframework.context.annotation.AnnotationConfigApplicationContext@2fb0623e
2017-11-13 15:41:46.250  INFO 9444 --- [main] o.s.cloud.context.scope.GenericScope     : BeanFactory id=cd86a2d0-bb7b-3ecf-b2e3-8c17a39f1b26
2017-11-13 15:41:46.281  INFO 9444 --- [main] f.a.AutowiredAnnotationBeanPostProcessor : JSR-330 'javax.inject.Inject' annotation found and supported for autowiring
2017-11-13 15:41:46.468  INFO 9444 --- [main] trationDelegate$BeanPostProcessorChecker : Bean 'org.springframework.cloud.netflix.metrics.MetricsInterceptorConfiguration$MetricsRestTemplateConfiguration' of type [org.springframework.cloud.netflix.metrics.MetricsInterceptorConfiguration$MetricsRestTemplateConfiguration$$EnhancerBySpringCGLIB$$b81f877c] is not eligible for getting processed by all BeanPostProcessors (for example: not eligible for auto-proxying)
2017-11-13 15:41:46.687  INFO 9444 --- [main] trationDelegate$BeanPostProcessorChecker : Bean 'org.springframework.cloud.autoconfigure.ConfigurationPropertiesRebinderAutoConfiguration' of type [org.springframework.cloud.autoconfigure.ConfigurationPropertiesRebinderAutoConfiguration$$EnhancerBySpringCGLIB$$a20ce438] is not eligible for getting processed by all BeanPostProcessors (for example: not eligible for auto-proxying)
2017-11-13 15:41:47.408  INFO 9444 --- [main] s.b.c.e.t.TomcatEmbeddedServletContainer : Tomcat initialized with port(s): 2103 (http)
2017-11-13 15:41:47.424  INFO 9444 --- [main] o.apache.catalina.core.StandardService   : Starting service [Tomcat]
2017-11-13 15:41:47.424  INFO 9444 --- [main] org.apache.catalina.core.StandardEngine  : Starting Servlet Engine: Apache Tomcat/8.5.23
2017-11-13 15:41:47.596  INFO 9444 --- [localhost-startStop-1] o.a.c.c.C.[Tomcat].[localhost].[/]       : Initializing Spring embedded WebApplicationContext
2017-11-13 15:41:47.611  INFO 9444 --- [localhost-startStop-1] o.s.web.context.ContextLoader            : Root WebApplicationContext: initialization completed in 2593 ms
2017-11-13 15:41:48.110  INFO 9444 --- [localhost-startStop-1] o.s.b.w.servlet.ServletRegistrationBean  : Mapping servlet: 'dispatcherServlet' to [/]
2017-11-13 15:41:48.110  INFO 9444 --- [localhost-startStop-1] o.s.b.w.servlet.FilterRegistrationBean   : Mapping filter: 'metricsFilter' to: [/*]
2017-11-13 15:41:48.110  INFO 9444 --- [localhost-startStop-1] o.s.b.w.servlet.FilterRegistrationBean   : Mapping filter: 'characterEncodingFilter' to: [/*]
2017-11-13 15:41:48.110  INFO 9444 --- [localhost-startStop-1] o.s.b.w.servlet.FilterRegistrationBean   : Mapping filter: 'hiddenHttpMethodFilter' to: [/*]
2017-11-13 15:41:48.110  INFO 9444 --- [localhost-startStop-1] o.s.b.w.servlet.FilterRegistrationBean   : Mapping filter: 'httpPutFormContentFilter' to: [/*]
2017-11-13 15:41:48.110  INFO 9444 --- [localhost-startStop-1] o.s.b.w.servlet.FilterRegistrationBean   : Mapping filter: 'requestContextFilter' to: [/*]
2017-11-13 15:41:48.110  INFO 9444 --- [localhost-startStop-1] o.s.b.w.servlet.FilterRegistrationBean   : Mapping filter: 'webRequestLoggingFilter' to: [/*]
2017-11-13 15:41:48.110  INFO 9444 --- [localhost-startStop-1] o.s.b.w.servlet.FilterRegistrationBean   : Mapping filter: 'applicationContextIdFilter' to: [/*]
2017-11-13 15:41:48.497  WARN 9444 --- [main] c.n.c.sources.URLConfigurationSource     : No URLs will be polled as dynamic configuration sources.
2017-11-13 15:41:48.497  INFO 9444 --- [main] c.n.c.sources.URLConfigurationSource     : To enable URLs as dynamic configuration sources, define System property archaius.configurationSource.additionalUrls or make config.properties available on classpath.
2017-11-13 15:41:48.497  INFO 9444 --- [main] c.netflix.config.DynamicPropertyFactory  : DynamicPropertyFactory is initialized with configuration sources: com.netflix.config.ConcurrentCompositeConfiguration@5927f904
2017-11-13 15:41:49.979  INFO 9444 --- [main] s.w.s.m.m.a.RequestMappingHandlerAdapter : Looking for @ControllerAdvice: org.springframework.boot.context.embedded.AnnotationConfigEmbeddedWebApplicationContext@54e81b21: startup date [Mon Nov 13 15:41:45 CST 2017]; parent: org.springframework.context.annotation.AnnotationConfigApplicationContext@2fb0623e
2017-11-13 15:41:50.119  INFO 9444 --- [main] s.w.s.m.m.a.RequestMappingHandlerMapping : Mapped "{[/consumer],methods=[GET]}" onto public java.lang.String com.wade.cloud.controller.DcController.dc()
2017-11-13 15:41:50.119  INFO 9444 --- [main] s.w.s.m.m.a.RequestMappingHandlerMapping : Mapped "{[/error]}" onto public org.springframework.http.ResponseEntity<java.util.Map<java.lang.String, java.lang.Object>> org.springframework.boot.autoconfigure.web.BasicErrorController.error(javax.servlet.http.HttpServletRequest)
2017-11-13 15:41:50.119  INFO 9444 --- [main] s.w.s.m.m.a.RequestMappingHandlerMapping : Mapped "{[/error],produces=[text/html]}" onto public org.springframework.web.servlet.ModelAndView org.springframework.boot.autoconfigure.web.BasicErrorController.errorHtml(javax.servlet.http.HttpServletRequest,javax.servlet.http.HttpServletResponse)
2017-11-13 15:41:50.260  INFO 9444 --- [main] o.s.w.s.handler.SimpleUrlHandlerMapping  : Mapped URL path [/webjars/**] onto handler of type [class org.springframework.web.servlet.resource.ResourceHttpRequestHandler]
2017-11-13 15:41:50.260  INFO 9444 --- [main] o.s.w.s.handler.SimpleUrlHandlerMapping  : Mapped URL path [/**] onto handler of type [class org.springframework.web.servlet.resource.ResourceHttpRequestHandler]
2017-11-13 15:41:50.353  INFO 9444 --- [main] o.s.w.s.handler.SimpleUrlHandlerMapping  : Mapped URL path [/**/favicon.ico] onto handler of type [class org.springframework.web.servlet.resource.ResourceHttpRequestHandler]
2017-11-13 15:41:51.570  INFO 9444 --- [main] o.s.b.a.e.mvc.EndpointHandlerMapping     : Mapped "{[/heapdump || /heapdump.json],methods=[GET],produces=[application/octet-stream]}" onto public void org.springframework.boot.actuate.endpoint.mvc.HeapdumpMvcEndpoint.invoke(boolean,javax.servlet.http.HttpServletRequest,javax.servlet.http.HttpServletResponse) throws java.io.IOException,javax.servlet.ServletException
2017-11-13 15:41:51.570  INFO 9444 --- [main] o.s.b.a.e.mvc.EndpointHandlerMapping     : Mapped "{[/resume || /resume.json],methods=[POST]}" onto public java.lang.Object org.springframework.cloud.endpoint.GenericPostableMvcEndpoint.invoke()
2017-11-13 15:41:51.570  INFO 9444 --- [main] o.s.b.a.e.mvc.EndpointHandlerMapping     : Mapped "{[/pause || /pause.json],methods=[POST]}" onto public java.lang.Object org.springframework.cloud.endpoint.GenericPostableMvcEndpoint.invoke()
2017-11-13 15:41:51.570  INFO 9444 --- [main] o.s.b.a.e.mvc.EndpointHandlerMapping     : Mapped "{[/dump || /dump.json],methods=[GET],produces=[application/vnd.spring-boot.actuator.v1+json || application/json]}" onto public java.lang.Object org.springframework.boot.actuate.endpoint.mvc.EndpointMvcAdapter.invoke()
2017-11-13 15:41:51.570  INFO 9444 --- [main] o.s.b.a.e.mvc.EndpointHandlerMapping     : Mapped "{[/loggers/{name:.*}],methods=[GET],produces=[application/vnd.spring-boot.actuator.v1+json || application/json]}" onto public java.lang.Object org.springframework.boot.actuate.endpoint.mvc.LoggersMvcEndpoint.get(java.lang.String)
2017-11-13 15:41:51.570  INFO 9444 --- [main] o.s.b.a.e.mvc.EndpointHandlerMapping     : Mapped "{[/loggers/{name:.*}],methods=[POST],consumes=[application/vnd.spring-boot.actuator.v1+json || application/json],produces=[application/vnd.spring-boot.actuator.v1+json || application/json]}" onto public java.lang.Object org.springframework.boot.actuate.endpoint.mvc.LoggersMvcEndpoint.set(java.lang.String,java.util.Map<java.lang.String, java.lang.String>)
2017-11-13 15:41:51.570  INFO 9444 --- [main] o.s.b.a.e.mvc.EndpointHandlerMapping     : Mapped "{[/loggers || /loggers.json],methods=[GET],produces=[application/vnd.spring-boot.actuator.v1+json || application/json]}" onto public java.lang.Object org.springframework.boot.actuate.endpoint.mvc.EndpointMvcAdapter.invoke()
2017-11-13 15:41:51.570  INFO 9444 --- [main] o.s.b.a.e.mvc.EndpointHandlerMapping     : Mapped "{[/logfile || /logfile.json],methods=[GET || HEAD]}" onto public void org.springframework.boot.actuate.endpoint.mvc.LogFileMvcEndpoint.invoke(javax.servlet.http.HttpServletRequest,javax.servlet.http.HttpServletResponse) throws javax.servlet.ServletException,java.io.IOException
2017-11-13 15:41:51.586  INFO 9444 --- [main] o.s.b.a.e.mvc.EndpointHandlerMapping     : Mapped "{[/env],methods=[POST]}" onto public java.lang.Object org.springframework.cloud.context.environment.EnvironmentManagerMvcEndpoint.value(java.util.Map<java.lang.String, java.lang.String>)
2017-11-13 15:41:51.586  INFO 9444 --- [main] o.s.b.a.e.mvc.EndpointHandlerMapping     : Mapped "{[/env/reset],methods=[POST]}" onto public java.util.Map<java.lang.String, java.lang.Object> org.springframework.cloud.context.environment.EnvironmentManagerMvcEndpoint.reset()
2017-11-13 15:41:51.586  INFO 9444 --- [main] o.s.b.a.e.mvc.EndpointHandlerMapping     : Mapped "{[/refresh || /refresh.json],methods=[POST]}" onto public java.lang.Object org.springframework.cloud.endpoint.GenericPostableMvcEndpoint.invoke()
2017-11-13 15:41:51.586  INFO 9444 --- [main] o.s.b.a.e.mvc.EndpointHandlerMapping     : Mapped "{[/trace || /trace.json],methods=[GET],produces=[application/vnd.spring-boot.actuator.v1+json || application/json]}" onto public java.lang.Object org.springframework.boot.actuate.endpoint.mvc.EndpointMvcAdapter.invoke()
2017-11-13 15:41:51.586  INFO 9444 --- [main] o.s.b.a.e.mvc.EndpointHandlerMapping     : Mapped "{[/service-registry/instance-status],methods=[POST]}" onto public org.springframework.http.ResponseEntity<?> org.springframework.cloud.client.serviceregistry.endpoint.ServiceRegistryEndpoint.setStatus(java.lang.String)
2017-11-13 15:41:51.586  INFO 9444 --- [main] o.s.b.a.e.mvc.EndpointHandlerMapping     : Mapped "{[/service-registry/instance-status],methods=[GET]}" onto public org.springframework.http.ResponseEntity org.springframework.cloud.client.serviceregistry.endpoint.ServiceRegistryEndpoint.getStatus()
2017-11-13 15:41:51.586  INFO 9444 --- [main] o.s.b.a.e.mvc.EndpointHandlerMapping     : Mapped "{[/features || /features.json],methods=[GET],produces=[application/vnd.spring-boot.actuator.v1+json || application/json]}" onto public java.lang.Object org.springframework.boot.actuate.endpoint.mvc.EndpointMvcAdapter.invoke()
2017-11-13 15:41:51.586  INFO 9444 --- [main] o.s.b.a.e.mvc.EndpointHandlerMapping     : Mapped "{[/hystrix.stream/**]}" onto public org.springframework.web.servlet.ModelAndView org.springframework.cloud.netflix.endpoint.ServletWrappingEndpoint.handle(javax.servlet.http.HttpServletRequest,javax.servlet.http.HttpServletResponse) throws java.lang.Exception
2017-11-13 15:41:51.586  INFO 9444 --- [main] o.s.b.a.e.mvc.EndpointHandlerMapping     : Mapped "{[/auditevents || /auditevents.json],methods=[GET],produces=[application/vnd.spring-boot.actuator.v1+json || application/json]}" onto public org.springframework.http.ResponseEntity<?> org.springframework.boot.actuate.endpoint.mvc.AuditEventsMvcEndpoint.findByPrincipalAndAfterAndType(java.lang.String,java.util.Date,java.lang.String)
2017-11-13 15:41:51.586  INFO 9444 --- [main] o.s.b.a.e.mvc.EndpointHandlerMapping     : Mapped "{[/archaius || /archaius.json],methods=[GET],produces=[application/vnd.spring-boot.actuator.v1+json || application/json]}" onto public java.lang.Object org.springframework.boot.actuate.endpoint.mvc.EndpointMvcAdapter.invoke()
2017-11-13 15:41:51.586  INFO 9444 --- [main] o.s.b.a.e.mvc.EndpointHandlerMapping     : Mapped "{[/restart || /restart.json],methods=[POST]}" onto public java.lang.Object org.springframework.cloud.context.restart.RestartMvcEndpoint.invoke()
2017-11-13 15:41:51.586  INFO 9444 --- [main] o.s.b.a.e.mvc.EndpointHandlerMapping     : Mapped "{[/health || /health.json],methods=[GET],produces=[application/vnd.spring-boot.actuator.v1+json || application/json]}" onto public java.lang.Object org.springframework.boot.actuate.endpoint.mvc.HealthMvcEndpoint.invoke(javax.servlet.http.HttpServletRequest,java.security.Principal)
2017-11-13 15:41:51.586  INFO 9444 --- [main] o.s.b.a.e.mvc.EndpointHandlerMapping     : Mapped "{[/metrics/{name:.*}],methods=[GET],produces=[application/vnd.spring-boot.actuator.v1+json || application/json]}" onto public java.lang.Object org.springframework.boot.actuate.endpoint.mvc.MetricsMvcEndpoint.value(java.lang.String)
2017-11-13 15:41:51.586  INFO 9444 --- [main] o.s.b.a.e.mvc.EndpointHandlerMapping     : Mapped "{[/metrics || /metrics.json],methods=[GET],produces=[application/vnd.spring-boot.actuator.v1+json || application/json]}" onto public java.lang.Object org.springframework.boot.actuate.endpoint.mvc.EndpointMvcAdapter.invoke()
2017-11-13 15:41:51.586  INFO 9444 --- [main] o.s.b.a.e.mvc.EndpointHandlerMapping     : Mapped "{[/mappings || /mappings.json],methods=[GET],produces=[application/vnd.spring-boot.actuator.v1+json || application/json]}" onto public java.lang.Object org.springframework.boot.actuate.endpoint.mvc.EndpointMvcAdapter.invoke()
2017-11-13 15:41:51.601  INFO 9444 --- [main] o.s.b.a.e.mvc.EndpointHandlerMapping     : Mapped "{[/info || /info.json],methods=[GET],produces=[application/vnd.spring-boot.actuator.v1+json || application/json]}" onto public java.lang.Object org.springframework.boot.actuate.endpoint.mvc.EndpointMvcAdapter.invoke()
2017-11-13 15:41:51.601  INFO 9444 --- [main] o.s.b.a.e.mvc.EndpointHandlerMapping     : Mapped "{[/autoconfig || /autoconfig.json],methods=[GET],produces=[application/vnd.spring-boot.actuator.v1+json || application/json]}" onto public java.lang.Object org.springframework.boot.actuate.endpoint.mvc.EndpointMvcAdapter.invoke()
2017-11-13 15:41:51.601  INFO 9444 --- [main] o.s.b.a.e.mvc.EndpointHandlerMapping     : Mapped "{[/beans || /beans.json],methods=[GET],produces=[application/vnd.spring-boot.actuator.v1+json || application/json]}" onto public java.lang.Object org.springframework.boot.actuate.endpoint.mvc.EndpointMvcAdapter.invoke()
2017-11-13 15:41:51.601  INFO 9444 --- [main] o.s.b.a.e.mvc.EndpointHandlerMapping     : Mapped "{[/env/{name:.*}],methods=[GET],produces=[application/vnd.spring-boot.actuator.v1+json || application/json]}" onto public java.lang.Object org.springframework.boot.actuate.endpoint.mvc.EnvironmentMvcEndpoint.value(java.lang.String)
2017-11-13 15:41:51.601  INFO 9444 --- [main] o.s.b.a.e.mvc.EndpointHandlerMapping     : Mapped "{[/env || /env.json],methods=[GET],produces=[application/vnd.spring-boot.actuator.v1+json || application/json]}" onto public java.lang.Object org.springframework.boot.actuate.endpoint.mvc.EndpointMvcAdapter.invoke()
2017-11-13 15:41:51.601  INFO 9444 --- [main] o.s.b.a.e.mvc.EndpointHandlerMapping     : Mapped "{[/configprops || /configprops.json],methods=[GET],produces=[application/vnd.spring-boot.actuator.v1+json || application/json]}" onto public java.lang.Object org.springframework.boot.actuate.endpoint.mvc.EndpointMvcAdapter.invoke()
2017-11-13 15:41:51.960  WARN 9444 --- [main] c.n.c.sources.URLConfigurationSource     : No URLs will be polled as dynamic configuration sources.
2017-11-13 15:41:51.960  INFO 9444 --- [main] c.n.c.sources.URLConfigurationSource     : To enable URLs as dynamic configuration sources, define System property archaius.configurationSource.additionalUrls or make config.properties available on classpath.
2017-11-13 15:41:52.178  INFO 9444 --- [main] o.s.j.e.a.AnnotationMBeanExporter        : Registering beans for JMX exposure on startup
2017-11-13 15:41:52.194  INFO 9444 --- [main] o.s.j.e.a.AnnotationMBeanExporter        : Bean with name 'environmentManager' has been autodetected for JMX exposure
2017-11-13 15:41:52.210  INFO 9444 --- [main] o.s.j.e.a.AnnotationMBeanExporter        : Bean with name 'configurationPropertiesRebinder' has been autodetected for JMX exposure
2017-11-13 15:41:52.210  INFO 9444 --- [main] o.s.j.e.a.AnnotationMBeanExporter        : Bean with name 'refreshEndpoint' has been autodetected for JMX exposure
2017-11-13 15:41:52.210  INFO 9444 --- [main] o.s.j.e.a.AnnotationMBeanExporter        : Bean with name 'restartEndpoint' has been autodetected for JMX exposure
2017-11-13 15:41:52.210  INFO 9444 --- [main] o.s.j.e.a.AnnotationMBeanExporter        : Bean with name 'serviceRegistryEndpoint' has been autodetected for JMX exposure
2017-11-13 15:41:52.210  INFO 9444 --- [main] o.s.j.e.a.AnnotationMBeanExporter        : Bean with name 'refreshScope' has been autodetected for JMX exposure
2017-11-13 15:41:52.210  INFO 9444 --- [main] o.s.j.e.a.AnnotationMBeanExporter        : Located managed bean 'environmentManager': registering with JMX server as MBean [org.springframework.cloud.context.environment:name=environmentManager,type=EnvironmentManager]
2017-11-13 15:41:52.225  INFO 9444 --- [main] o.s.j.e.a.AnnotationMBeanExporter        : Located managed bean 'restartEndpoint': registering with JMX server as MBean [org.springframework.cloud.context.restart:name=restartEndpoint,type=RestartEndpoint]
2017-11-13 15:41:52.256  INFO 9444 --- [main] o.s.j.e.a.AnnotationMBeanExporter        : Located managed bean 'serviceRegistryEndpoint': registering with JMX server as MBean [org.springframework.cloud.client.serviceregistry.endpoint:name=serviceRegistryEndpoint,type=ServiceRegistryEndpoint]
2017-11-13 15:41:52.256  INFO 9444 --- [main] o.s.j.e.a.AnnotationMBeanExporter        : Located managed bean 'refreshScope': registering with JMX server as MBean [org.springframework.cloud.context.scope.refresh:name=refreshScope,type=RefreshScope]
2017-11-13 15:41:52.272  INFO 9444 --- [main] o.s.j.e.a.AnnotationMBeanExporter        : Located managed bean 'configurationPropertiesRebinder': registering with JMX server as MBean [org.springframework.cloud.context.properties:name=configurationPropertiesRebinder,context=54e81b21,type=ConfigurationPropertiesRebinder]
2017-11-13 15:41:52.288  INFO 9444 --- [main] o.s.j.e.a.AnnotationMBeanExporter        : Located managed bean 'refreshEndpoint': registering with JMX server as MBean [org.springframework.cloud.endpoint:name=refreshEndpoint,type=RefreshEndpoint]
2017-11-13 15:41:52.506  INFO 9444 --- [main] o.s.c.support.DefaultLifecycleProcessor  : Starting beans in phase 0
2017-11-13 15:41:52.522  INFO 9444 --- [main] o.s.c.n.eureka.InstanceInfoFactory       : Setting initial instance status as: STARTING
2017-11-13 15:41:52.584  INFO 9444 --- [main] com.netflix.discovery.DiscoveryClient    : Initializing Eureka in region us-east-1
2017-11-13 15:41:52.990  INFO 9444 --- [main] c.n.d.provider.DiscoveryJerseyProvider   : Using JSON encoding codec LegacyJacksonJson
2017-11-13 15:41:52.990  INFO 9444 --- [main] c.n.d.provider.DiscoveryJerseyProvider   : Using JSON decoding codec LegacyJacksonJson
2017-11-13 15:41:53.177  INFO 9444 --- [main] c.n.d.provider.DiscoveryJerseyProvider   : Using XML encoding codec XStreamXml
2017-11-13 15:41:53.177  INFO 9444 --- [main] c.n.d.provider.DiscoveryJerseyProvider   : Using XML decoding codec XStreamXml
2017-11-13 15:41:53.473  INFO 9444 --- [main] c.n.d.s.r.aws.ConfigClusterResolver      : Resolving eureka endpoints via configuration
2017-11-13 15:41:53.567  INFO 9444 --- [main] com.netflix.discovery.DiscoveryClient    : Disable delta property : false
2017-11-13 15:41:53.567  INFO 9444 --- [main] com.netflix.discovery.DiscoveryClient    : Single vip registry refresh property : null
2017-11-13 15:41:53.567  INFO 9444 --- [main] com.netflix.discovery.DiscoveryClient    : Force full registry fetch : false
2017-11-13 15:41:53.567  INFO 9444 --- [main] com.netflix.discovery.DiscoveryClient    : Application is null : false
2017-11-13 15:41:53.567  INFO 9444 --- [main] com.netflix.discovery.DiscoveryClient    : Registered Applications size is zero : true
2017-11-13 15:41:53.567  INFO 9444 --- [main] com.netflix.discovery.DiscoveryClient    : Application version is -1: true
2017-11-13 15:41:53.567  INFO 9444 --- [main] com.netflix.discovery.DiscoveryClient    : Getting all instance registry info from the eureka server
2017-11-13 15:41:53.832  INFO 9444 --- [main] com.netflix.discovery.DiscoveryClient    : The response status is 200
2017-11-13 15:41:53.832  INFO 9444 --- [main] com.netflix.discovery.DiscoveryClient    : Starting heartbeat executor: renew interval is: 30
2017-11-13 15:41:53.832  INFO 9444 --- [main] c.n.discovery.InstanceInfoReplicator     : InstanceInfoReplicator onDemand update allowed rate per min is 4
2017-11-13 15:41:53.832  INFO 9444 --- [main] com.netflix.discovery.DiscoveryClient    : Discovery Client initialized at timestamp 1510558913832 with initial instances count: 2
2017-11-13 15:41:53.941  INFO 9444 --- [main] o.s.c.n.e.s.EurekaServiceRegistry        : Registering application eureka-consumer-ribbon-hystrix with eureka with status UP
2017-11-13 15:41:53.941  INFO 9444 --- [main] com.netflix.discovery.DiscoveryClient    : Saw local status change event StatusChangeEvent [timestamp=1510558913941, current=UP, previous=STARTING]
2017-11-13 15:41:53.941  INFO 9444 --- [DiscoveryClient-InstanceInfoReplicator-0] com.netflix.discovery.DiscoveryClient    : DiscoveryClient_EUREKA-CONSUMER-RIBBON-HYSTRIX/tingyun.com.abc:eureka-consumer-ribbon-hystrix:2103: registering service...
2017-11-13 15:41:54.019  INFO 9444 --- [DiscoveryClient-InstanceInfoReplicator-0] com.netflix.discovery.DiscoveryClient    : DiscoveryClient_EUREKA-CONSUMER-RIBBON-HYSTRIX/tingyun.com.abc:eureka-consumer-ribbon-hystrix:2103 - registration status: 204
2017-11-13 15:41:54.019  INFO 9444 --- [main] o.s.c.support.DefaultLifecycleProcessor  : Starting beans in phase 2147483647
2017-11-13 15:41:54.019  INFO 9444 --- [main] ration$HystrixMetricsPollerConfiguration : Starting poller
2017-11-13 15:41:54.269  INFO 9444 --- [main] s.b.c.e.t.TomcatEmbeddedServletContainer : Tomcat started on port(s): 2103 (http)
2017-11-13 15:41:54.269  INFO 9444 --- [main] .s.c.n.e.s.EurekaAutoServiceRegistration : Updating port to 2103
2017-11-13 15:41:54.269  INFO 9444 --- [main] c.EurekaRibbonConsumerHystrixApplication : Started EurekaRibbonConsumerHystrixApplication in 12.091 seconds (JVM running for 12.783)
2017-11-13 15:42:36.785  INFO 9444 --- [http-nio-2103-exec-1] o.a.c.c.C.[Tomcat].[localhost].[/]       : Initializing Spring FrameworkServlet 'dispatcherServlet'
2017-11-13 15:42:36.786  INFO 9444 --- [http-nio-2103-exec-1] o.s.web.servlet.DispatcherServlet        : FrameworkServlet 'dispatcherServlet': initialization started
2017-11-13 15:42:36.837  INFO 9444 --- [http-nio-2103-exec-1] o.s.web.servlet.DispatcherServlet        : FrameworkServlet 'dispatcherServlet': initialization completed in 51 ms
2017-11-13 15:42:37.689  INFO 9444 --- [hystrix-ConsumerService-1] s.c.a.AnnotationConfigApplicationContext : Refreshing org.springframework.context.annotation.AnnotationConfigApplicationContext@41336e6b: startup date [Mon Nov 13 15:42:37 CST 2017]; parent: org.springframework.boot.context.embedded.AnnotationConfigEmbeddedWebApplicationContext@54e81b21
2017-11-13 15:42:37.851  INFO 9444 --- [hystrix-ConsumerService-1] f.a.AutowiredAnnotationBeanPostProcessor : JSR-330 'javax.inject.Inject' annotation found and supported for autowiring
2017-11-13 15:42:38.263  INFO 9444 --- [hystrix-ConsumerService-1] c.netflix.config.ChainedDynamicProperty  : Flipping property: eureka-client.ribbon.ActiveConnectionsLimit to use NEXT property: niws.loadbalancer.availabilityFilteringRule.activeConnectionsLimit = 2147483647
2017-11-13 15:42:38.312  INFO 9444 --- [hystrix-ConsumerService-1] c.n.u.concurrent.ShutdownEnabledTimer    : Shutdown hook installed for: NFLoadBalancer-PingTimer-eureka-client
2017-11-13 15:42:38.343  INFO 9444 --- [hystrix-ConsumerService-1] c.netflix.loadbalancer.BaseLoadBalancer  : Client: eureka-client instantiated a LoadBalancer: DynamicServerListLoadBalancer:{NFLoadBalancer:name=eureka-client,current list of Servers=[],Load balancer stats=Zone stats: {},Server stats: []}ServerList:null
2017-11-13 15:42:38.359  INFO 9444 --- [hystrix-ConsumerService-1] c.n.l.DynamicServerListLoadBalancer      : Using serverListUpdater PollingServerListUpdater
2017-11-13 15:42:38.546  INFO 9444 --- [hystrix-ConsumerService-1] c.netflix.config.ChainedDynamicProperty  : Flipping property: eureka-client.ribbon.ActiveConnectionsLimit to use NEXT property: niws.loadbalancer.availabilityFilteringRule.activeConnectionsLimit = 2147483647
2017-11-13 15:42:38.546  INFO 9444 --- [hystrix-ConsumerService-1] c.n.l.DynamicServerListLoadBalancer      : DynamicServerListLoadBalancer for client eureka-client initialized: DynamicServerListLoadBalancer:{NFLoadBalancer:name=eureka-client,current list of Servers=[tingyun.com.abc:2001],Load balancer stats=Zone stats: {defaultzone=[Zone:defaultzone;	Instance count:1;	Active connections count: 0;	Circuit breaker tripped count: 0;	Active connections per server: 0.0;]
},Server stats: [[Server:tingyun.com.abc:2001;	Zone:defaultZone;	Total Requests:0;	Successive connection failure:0;	Total blackout seconds:0;	Last connection made:Thu Jan 01 08:00:00 CST 1970;	First connection made: Thu Jan 01 08:00:00 CST 1970;	Active Connections:0;	total failure count in last (1000) msecs:0;	average resp time:0.0;	90 percentile resp time:0.0;	95 percentile resp time:0.0;	min resp time:0.0;	max resp time:0.0;	stddev resp time:0.0]
]}ServerList:org.springframework.cloud.netflix.ribbon.eureka.DomainExtractingServerList@52e29980
2017-11-13 15:42:39.364  INFO 9444 --- [PollingServerListUpdater-0] c.netflix.config.ChainedDynamicProperty  : Flipping property: eureka-client.ribbon.ActiveConnectionsLimit to use NEXT property: niws.loadbalancer.availabilityFilteringRule.activeConnectionsLimit = 2147483647
2017-11-13 15:46:53.579  INFO 9444 --- [AsyncResolver-bootstrap-executor-0] c.n.d.s.r.aws.ConfigClusterResolver      : Resolving eureka endpoints via configuration
2017-11-13 15:51:53.595  INFO 9444 --- [AsyncResolver-bootstrap-executor-0] c.n.d.s.r.aws.ConfigClusterResolver      : Resolving eureka endpoints via configuration
